<?xml version="1.0" encoding="UTF-8"?>
<!-- Generated by org.testng.reporters.JUnitXMLReporter -->
<testsuite hostname="DELL-PC" name="TestOneSuiteTwo" tests="4" failures="0" timestamp="27 Sep 2014 09:03:35 GMT" time="0.038" errors="0">
  <testcase name="Test1" time="0.006" classname="com.testngbasics.qa.Annotation"/>
  <testcase name="Test2" time="0.001" classname="com.testngbasics.qa.Annotation"/>
  <testcase name="Test1" time="0.002" classname="com.testngbasics.qa.AnnotationCopy"/>
  <testcase name="Test2" time="0.001" classname="com.testngbasics.qa.AnnotationCopy"/>
</testsuite> <!-- TestOneSuiteTwo -->
