<?xml version="1.0" encoding="UTF-8"?>
<testng-results skipped="0" failed="0" total="10" passed="10">
  <reporter-output>
    <line>
      <![CDATA[Here test case of annotation is executing]]>
    </line>
    <line>
      <![CDATA[Reading .....]]>
    </line>
    <line>
      <![CDATA[Closing .........]]>
    </line>
  </reporter-output>
  <suite name="Suite" duration-ms="31" started-at="2014-09-27T13:33:23Z" finished-at="2014-09-27T13:33:23Z">
    <groups>
    </groups>
    <test name="TestOneSuiteOne" duration-ms="20" started-at="2014-09-27T13:33:23Z" finished-at="2014-09-27T13:33:23Z">
      <class name="com.testngbasics.qa.Annotation">
        <test-method status="PASS" signature="beforeTest()[pri:0, instance:com.testngbasics.qa.AnnotationCopy@664ae259]" name="beforeTest" is-config="true" duration-ms="0" started-at="2014-09-27T23:33:23Z" finished-at="2014-09-27T23:33:23Z">
          <reporter-output>
          </reporter-output>
        </test-method> <!-- beforeTest -->
        <test-method status="PASS" signature="beforeTest()[pri:0, instance:com.testngbasics.qa.Annotation@1fd80945]" name="beforeTest" is-config="true" duration-ms="0" started-at="2014-09-27T23:33:23Z" finished-at="2014-09-27T23:33:23Z">
          <reporter-output>
          </reporter-output>
        </test-method> <!-- beforeTest -->
        <test-method status="PASS" signature="beforeMethod()[pri:0, instance:com.testngbasics.qa.Annotation@1fd80945]" name="beforeMethod" is-config="true" duration-ms="1" started-at="2014-09-27T23:33:23Z" finished-at="2014-09-27T23:33:23Z">
          <reporter-output>
          </reporter-output>
        </test-method> <!-- beforeMethod -->
        <test-method status="PASS" signature="beforeClass()[pri:0, instance:com.testngbasics.qa.Annotation@1fd80945]" name="beforeClass" is-config="true" duration-ms="0" started-at="2014-09-27T23:33:23Z" finished-at="2014-09-27T23:33:23Z">
          <reporter-output>
          </reporter-output>
        </test-method> <!-- beforeClass -->
        <test-method status="PASS" signature="Test1()[pri:0, instance:com.testngbasics.qa.Annotation@1fd80945]" name="Test1" duration-ms="0" started-at="2014-09-27T23:33:23Z" finished-at="2014-09-27T23:33:23Z">
          <reporter-output>
          </reporter-output>
        </test-method> <!-- Test1 -->
        <test-method status="PASS" signature="afterMethod()[pri:0, instance:com.testngbasics.qa.Annotation@1fd80945]" name="afterMethod" is-config="true" duration-ms="0" started-at="2014-09-27T23:33:23Z" finished-at="2014-09-27T23:33:23Z">
          <reporter-output>
          </reporter-output>
        </test-method> <!-- afterMethod -->
        <test-method status="PASS" signature="beforeMethod()[pri:0, instance:com.testngbasics.qa.Annotation@1fd80945]" name="beforeMethod" is-config="true" duration-ms="0" started-at="2014-09-27T23:33:23Z" finished-at="2014-09-27T23:33:23Z">
          <reporter-output>
          </reporter-output>
        </test-method> <!-- beforeMethod -->
        <test-method status="PASS" signature="Test2()[pri:0, instance:com.testngbasics.qa.Annotation@1fd80945]" name="Test2" duration-ms="1" started-at="2014-09-27T23:33:23Z" finished-at="2014-09-27T23:33:23Z">
          <reporter-output>
            <line>
              <![CDATA[Here test case of annotation is executing]]>
            </line>
          </reporter-output>
        </test-method> <!-- Test2 -->
        <test-method status="PASS" signature="Test3()[pri:0, instance:com.testngbasics.qa.Annotation@1fd80945]" name="Test3" duration-ms="1" started-at="2014-09-27T23:33:23Z" finished-at="2014-09-27T23:33:23Z">
          <reporter-output>
            <line>
              <![CDATA[Reading .....]]>
            </line>
          </reporter-output>
        </test-method> <!-- Test3 -->
        <test-method status="PASS" signature="beforeMethod()[pri:0, instance:com.testngbasics.qa.Annotation@1fd80945]" name="beforeMethod" is-config="true" duration-ms="0" started-at="2014-09-27T23:33:23Z" finished-at="2014-09-27T23:33:23Z">
          <reporter-output>
          </reporter-output>
        </test-method> <!-- beforeMethod -->
        <test-method status="PASS" signature="afterMethod()[pri:0, instance:com.testngbasics.qa.Annotation@1fd80945]" name="afterMethod" is-config="true" duration-ms="0" started-at="2014-09-27T23:33:23Z" finished-at="2014-09-27T23:33:23Z">
          <reporter-output>
          </reporter-output>
        </test-method> <!-- afterMethod -->
        <test-method status="PASS" signature="afterMethod()[pri:0, instance:com.testngbasics.qa.Annotation@1fd80945]" name="afterMethod" is-config="true" duration-ms="0" started-at="2014-09-27T23:33:23Z" finished-at="2014-09-27T23:33:23Z">
          <reporter-output>
          </reporter-output>
        </test-method> <!-- afterMethod -->
        <test-method status="PASS" signature="beforeMethod()[pri:0, instance:com.testngbasics.qa.Annotation@1fd80945]" name="beforeMethod" is-config="true" duration-ms="0" started-at="2014-09-27T23:33:23Z" finished-at="2014-09-27T23:33:23Z">
          <reporter-output>
          </reporter-output>
        </test-method> <!-- beforeMethod -->
        <test-method status="PASS" signature="Test4()[pri:0, instance:com.testngbasics.qa.Annotation@1fd80945]" name="Test4" duration-ms="1" started-at="2014-09-27T23:33:23Z" finished-at="2014-09-27T23:33:23Z">
          <reporter-output>
            <line>
              <![CDATA[Closing .........]]>
            </line>
          </reporter-output>
        </test-method> <!-- Test4 -->
        <test-method status="PASS" signature="afterClass()[pri:0, instance:com.testngbasics.qa.Annotation@1fd80945]" name="afterClass" is-config="true" duration-ms="0" started-at="2014-09-27T23:33:23Z" finished-at="2014-09-27T23:33:23Z">
          <reporter-output>
          </reporter-output>
        </test-method> <!-- afterClass -->
        <test-method status="PASS" signature="afterMethod()[pri:0, instance:com.testngbasics.qa.Annotation@1fd80945]" name="afterMethod" is-config="true" duration-ms="0" started-at="2014-09-27T23:33:23Z" finished-at="2014-09-27T23:33:23Z">
          <reporter-output>
          </reporter-output>
        </test-method> <!-- afterMethod -->
        <test-method status="PASS" signature="afterTest()[pri:0, instance:com.testngbasics.qa.Annotation@1fd80945]" name="afterTest" is-config="true" duration-ms="0" started-at="2014-09-27T23:33:23Z" finished-at="2014-09-27T23:33:23Z">
          <reporter-output>
          </reporter-output>
        </test-method> <!-- afterTest -->
        <test-method status="PASS" signature="afterTest()[pri:0, instance:com.testngbasics.qa.AnnotationCopy@664ae259]" name="afterTest" is-config="true" duration-ms="1" started-at="2014-09-27T23:33:23Z" finished-at="2014-09-27T23:33:23Z">
          <reporter-output>
          </reporter-output>
        </test-method> <!-- afterTest -->
      </class> <!-- com.testngbasics.qa.Annotation -->
      <class name="com.testngbasics.qa.AnnotationCopy">
        <test-method status="PASS" signature="beforeClass()[pri:0, instance:com.testngbasics.qa.AnnotationCopy@664ae259]" name="beforeClass" is-config="true" duration-ms="0" started-at="2014-09-27T23:33:23Z" finished-at="2014-09-27T23:33:23Z">
          <reporter-output>
          </reporter-output>
        </test-method> <!-- beforeClass -->
        <test-method status="PASS" signature="Test1()[pri:0, instance:com.testngbasics.qa.AnnotationCopy@664ae259]" name="Test1" duration-ms="1" started-at="2014-09-27T23:33:23Z" finished-at="2014-09-27T23:33:23Z">
          <reporter-output>
          </reporter-output>
        </test-method> <!-- Test1 -->
        <test-method status="PASS" signature="beforeMethod()[pri:0, instance:com.testngbasics.qa.AnnotationCopy@664ae259]" name="beforeMethod" is-config="true" duration-ms="0" started-at="2014-09-27T23:33:23Z" finished-at="2014-09-27T23:33:23Z">
          <reporter-output>
          </reporter-output>
        </test-method> <!-- beforeMethod -->
        <test-method status="PASS" signature="afterMethod()[pri:0, instance:com.testngbasics.qa.AnnotationCopy@664ae259]" name="afterMethod" is-config="true" duration-ms="1" started-at="2014-09-27T23:33:23Z" finished-at="2014-09-27T23:33:23Z">
          <reporter-output>
          </reporter-output>
        </test-method> <!-- afterMethod -->
        <test-method status="PASS" signature="beforeMethod()[pri:0, instance:com.testngbasics.qa.AnnotationCopy@664ae259]" name="beforeMethod" is-config="true" duration-ms="0" started-at="2014-09-27T23:33:23Z" finished-at="2014-09-27T23:33:23Z">
          <reporter-output>
          </reporter-output>
        </test-method> <!-- beforeMethod -->
        <test-method status="PASS" signature="Test2()[pri:0, instance:com.testngbasics.qa.AnnotationCopy@664ae259]" name="Test2" duration-ms="1" started-at="2014-09-27T23:33:23Z" finished-at="2014-09-27T23:33:23Z">
          <reporter-output>
          </reporter-output>
        </test-method> <!-- Test2 -->
        <test-method status="PASS" signature="afterMethod()[pri:0, instance:com.testngbasics.qa.AnnotationCopy@664ae259]" name="afterMethod" is-config="true" duration-ms="0" started-at="2014-09-27T23:33:23Z" finished-at="2014-09-27T23:33:23Z">
          <reporter-output>
          </reporter-output>
        </test-method> <!-- afterMethod -->
        <test-method status="PASS" signature="afterClass()[pri:0, instance:com.testngbasics.qa.AnnotationCopy@664ae259]" name="afterClass" is-config="true" duration-ms="0" started-at="2014-09-27T23:33:23Z" finished-at="2014-09-27T23:33:23Z">
          <reporter-output>
          </reporter-output>
        </test-method> <!-- afterClass -->
      </class> <!-- com.testngbasics.qa.AnnotationCopy -->
    </test> <!-- TestOneSuiteOne -->
    <test name="TestTwoSuiteOne" duration-ms="6" started-at="2014-09-27T13:33:23Z" finished-at="2014-09-27T13:33:23Z">
      <class name="com.testngbasics.qa.Annotation">
        <test-method status="PASS" signature="beforeSuite()[pri:0, instance:com.testngbasics.qa.Annotation@1fd80945]" name="beforeSuite" is-config="true" duration-ms="0" started-at="2014-09-27T23:33:23Z" finished-at="2014-09-27T23:33:23Z">
          <reporter-output>
          </reporter-output>
        </test-method> <!-- beforeSuite -->
        <test-method status="PASS" signature="beforeSuite()[pri:0, instance:com.testngbasics.qa.AnnotationCopy@eca425c]" name="beforeSuite" is-config="true" duration-ms="0" started-at="2014-09-27T23:33:23Z" finished-at="2014-09-27T23:33:23Z">
          <reporter-output>
          </reporter-output>
        </test-method> <!-- beforeSuite -->
        <test-method status="PASS" signature="afterSuite()[pri:0, instance:com.testngbasics.qa.Annotation@1fd80945]" name="afterSuite" is-config="true" duration-ms="1" started-at="2014-09-27T23:33:23Z" finished-at="2014-09-27T23:33:23Z">
          <reporter-output>
          </reporter-output>
        </test-method> <!-- afterSuite -->
        <test-method status="PASS" signature="afterSuite()[pri:0, instance:com.testngbasics.qa.AnnotationCopy@eca425c]" name="afterSuite" is-config="true" duration-ms="0" started-at="2014-09-27T23:33:23Z" finished-at="2014-09-27T23:33:23Z">
          <reporter-output>
          </reporter-output>
        </test-method> <!-- afterSuite -->
      </class> <!-- com.testngbasics.qa.Annotation -->
      <class name="com.testngbasics.qa.AnnotationCopy">
        <test-method status="PASS" signature="beforeClass()[pri:0, instance:com.testngbasics.qa.AnnotationCopy@eca425c]" name="beforeClass" is-config="true" duration-ms="1" started-at="2014-09-27T23:33:23Z" finished-at="2014-09-27T23:33:23Z">
          <reporter-output>
          </reporter-output>
        </test-method> <!-- beforeClass -->
        <test-method status="PASS" signature="beforeTest()[pri:0, instance:com.testngbasics.qa.AnnotationCopy@eca425c]" name="beforeTest" is-config="true" duration-ms="0" started-at="2014-09-27T23:33:23Z" finished-at="2014-09-27T23:33:23Z">
          <reporter-output>
          </reporter-output>
        </test-method> <!-- beforeTest -->
        <test-method status="PASS" signature="beforeMethod()[pri:0, instance:com.testngbasics.qa.AnnotationCopy@eca425c]" name="beforeMethod" is-config="true" duration-ms="0" started-at="2014-09-27T23:33:23Z" finished-at="2014-09-27T23:33:23Z">
          <reporter-output>
          </reporter-output>
        </test-method> <!-- beforeMethod -->
        <test-method status="PASS" signature="Test1()[pri:0, instance:com.testngbasics.qa.AnnotationCopy@eca425c]" name="Test1" duration-ms="1" started-at="2014-09-27T23:33:23Z" finished-at="2014-09-27T23:33:23Z">
          <reporter-output>
          </reporter-output>
        </test-method> <!-- Test1 -->
        <test-method status="PASS" signature="afterMethod()[pri:0, instance:com.testngbasics.qa.AnnotationCopy@eca425c]" name="afterMethod" is-config="true" duration-ms="0" started-at="2014-09-27T23:33:23Z" finished-at="2014-09-27T23:33:23Z">
          <reporter-output>
          </reporter-output>
        </test-method> <!-- afterMethod -->
        <test-method status="PASS" signature="beforeMethod()[pri:0, instance:com.testngbasics.qa.AnnotationCopy@eca425c]" name="beforeMethod" is-config="true" duration-ms="1" started-at="2014-09-27T23:33:23Z" finished-at="2014-09-27T23:33:23Z">
          <reporter-output>
          </reporter-output>
        </test-method> <!-- beforeMethod -->
        <test-method status="PASS" signature="Test2()[pri:0, instance:com.testngbasics.qa.AnnotationCopy@eca425c]" name="Test2" duration-ms="0" started-at="2014-09-27T23:33:23Z" finished-at="2014-09-27T23:33:23Z">
          <reporter-output>
          </reporter-output>
        </test-method> <!-- Test2 -->
        <test-method status="PASS" signature="afterMethod()[pri:0, instance:com.testngbasics.qa.AnnotationCopy@eca425c]" name="afterMethod" is-config="true" duration-ms="0" started-at="2014-09-27T23:33:23Z" finished-at="2014-09-27T23:33:23Z">
          <reporter-output>
          </reporter-output>
        </test-method> <!-- afterMethod -->
        <test-method status="PASS" signature="afterClass()[pri:0, instance:com.testngbasics.qa.AnnotationCopy@eca425c]" name="afterClass" is-config="true" duration-ms="1" started-at="2014-09-27T23:33:23Z" finished-at="2014-09-27T23:33:23Z">
          <reporter-output>
          </reporter-output>
        </test-method> <!-- afterClass -->
        <test-method status="PASS" signature="afterTest()[pri:0, instance:com.testngbasics.qa.AnnotationCopy@eca425c]" name="afterTest" is-config="true" duration-ms="0" started-at="2014-09-27T23:33:23Z" finished-at="2014-09-27T23:33:23Z">
          <reporter-output>
          </reporter-output>
        </test-method> <!-- afterTest -->
      </class> <!-- com.testngbasics.qa.AnnotationCopy -->
    </test> <!-- TestTwoSuiteOne -->
  </suite> <!-- Suite -->
  <suite name="Suite Two" duration-ms="33" started-at="2014-09-27T13:33:23Z" finished-at="2014-09-27T13:33:23Z">
    <groups>
    </groups>
    <test name="TestTwoSuiteTwo" duration-ms="33" started-at="2014-09-27T13:33:23Z" finished-at="2014-09-27T13:33:23Z">
      <class name="com.testngbasics.qa.AnnotationCopyTwo">
        <test-method status="PASS" signature="beforeSuite()[pri:0, instance:com.testngbasics.qa.AnnotationCopyTwo@17596ee0]" name="beforeSuite" is-config="true" duration-ms="7" started-at="2014-09-27T23:33:23Z" finished-at="2014-09-27T23:33:23Z">
          <reporter-output>
          </reporter-output>
        </test-method> <!-- beforeSuite -->
        <test-method status="PASS" signature="beforeTest()[pri:0, instance:com.testngbasics.qa.AnnotationCopyTwo@17596ee0]" name="beforeTest" is-config="true" duration-ms="0" started-at="2014-09-27T23:33:23Z" finished-at="2014-09-27T23:33:23Z">
          <reporter-output>
          </reporter-output>
        </test-method> <!-- beforeTest -->
        <test-method status="PASS" signature="beforeClass()[pri:0, instance:com.testngbasics.qa.AnnotationCopyTwo@17596ee0]" name="beforeClass" is-config="true" duration-ms="0" started-at="2014-09-27T23:33:23Z" finished-at="2014-09-27T23:33:23Z">
          <reporter-output>
          </reporter-output>
        </test-method> <!-- beforeClass -->
        <test-method status="PASS" signature="beforeMethod()[pri:0, instance:com.testngbasics.qa.AnnotationCopyTwo@17596ee0]" name="beforeMethod" is-config="true" duration-ms="0" started-at="2014-09-27T23:33:23Z" finished-at="2014-09-27T23:33:23Z">
          <reporter-output>
          </reporter-output>
        </test-method> <!-- beforeMethod -->
        <test-method status="PASS" signature="Test1()[pri:0, instance:com.testngbasics.qa.AnnotationCopyTwo@17596ee0]" name="Test1" duration-ms="5" started-at="2014-09-27T23:33:23Z" finished-at="2014-09-27T23:33:23Z">
          <reporter-output>
          </reporter-output>
        </test-method> <!-- Test1 -->
        <test-method status="PASS" signature="afterMethod()[pri:0, instance:com.testngbasics.qa.AnnotationCopyTwo@17596ee0]" name="afterMethod" is-config="true" duration-ms="1" started-at="2014-09-27T23:33:23Z" finished-at="2014-09-27T23:33:23Z">
          <reporter-output>
          </reporter-output>
        </test-method> <!-- afterMethod -->
        <test-method status="PASS" signature="beforeMethod()[pri:0, instance:com.testngbasics.qa.AnnotationCopyTwo@17596ee0]" name="beforeMethod" is-config="true" duration-ms="0" started-at="2014-09-27T23:33:23Z" finished-at="2014-09-27T23:33:23Z">
          <reporter-output>
          </reporter-output>
        </test-method> <!-- beforeMethod -->
        <test-method status="PASS" signature="Test2()[pri:0, instance:com.testngbasics.qa.AnnotationCopyTwo@17596ee0]" name="Test2" duration-ms="1" started-at="2014-09-27T23:33:23Z" finished-at="2014-09-27T23:33:23Z">
          <reporter-output>
          </reporter-output>
        </test-method> <!-- Test2 -->
        <test-method status="PASS" signature="afterClass()[pri:0, instance:com.testngbasics.qa.AnnotationCopyTwo@17596ee0]" name="afterClass" is-config="true" duration-ms="0" started-at="2014-09-27T23:33:23Z" finished-at="2014-09-27T23:33:23Z">
          <reporter-output>
          </reporter-output>
        </test-method> <!-- afterClass -->
        <test-method status="PASS" signature="afterMethod()[pri:0, instance:com.testngbasics.qa.AnnotationCopyTwo@17596ee0]" name="afterMethod" is-config="true" duration-ms="0" started-at="2014-09-27T23:33:23Z" finished-at="2014-09-27T23:33:23Z">
          <reporter-output>
          </reporter-output>
        </test-method> <!-- afterMethod -->
        <test-method status="PASS" signature="afterTest()[pri:0, instance:com.testngbasics.qa.AnnotationCopyTwo@17596ee0]" name="afterTest" is-config="true" duration-ms="0" started-at="2014-09-27T23:33:23Z" finished-at="2014-09-27T23:33:23Z">
          <reporter-output>
          </reporter-output>
        </test-method> <!-- afterTest -->
        <test-method status="PASS" signature="afterSuite()[pri:0, instance:com.testngbasics.qa.AnnotationCopyTwo@17596ee0]" name="afterSuite" is-config="true" duration-ms="0" started-at="2014-09-27T23:33:23Z" finished-at="2014-09-27T23:33:23Z">
          <reporter-output>
          </reporter-output>
        </test-method> <!-- afterSuite -->
      </class> <!-- com.testngbasics.qa.AnnotationCopyTwo -->
    </test> <!-- TestTwoSuiteTwo -->
  </suite> <!-- Suite Two -->
</testng-results>
